<?xml version="1.0" encoding="UTF-8"?>
<!-- Generated by org.testng.reporters.JUnitReportReporter -->
<testsuite hostname="SEZ-DESK-159" failures="0" tests="4" name="Wishup.Wishup_Login.Login" time="56.981" errors="0" timestamp="06 Apr 2022 06:17:34 GMT" skipped="0">
  <testcase classname="Wishup.Wishup_Login.Login" name="loginFunctionality" time="11.626"/>
  <testcase classname="Wishup.Wishup_Login.Login" name="loginFunctionality" time="13.787"/>
  <testcase classname="Wishup.Wishup_Login.Login" name="loginFunctionality" time="19.515"/>
  <testcase classname="Wishup.Wishup_Login.Login" name="loginFunctionality" time="12.053"/>
</testsuite> <!-- Wishup.Wishup_Login.Login -->
