<?xml version="1.0" encoding="UTF-8"?>
<!-- Generated by org.testng.reporters.JUnitReportReporter -->
<testsuite hostname="SEZ-DESK-159" failures="0" tests="4" name="Wishup.Wishup_Login.Login" time="62.908" errors="0" timestamp="06 Apr 2022 07:56:49 GMT" skipped="0">
  <testcase classname="Wishup.Wishup_Login.Login" name="loginFunctionality" time="16.384"/>
  <testcase classname="Wishup.Wishup_Login.Login" name="loginFunctionality" time="12.839"/>
  <testcase classname="Wishup.Wishup_Login.Login" name="loginFunctionality" time="14.293"/>
  <testcase classname="Wishup.Wishup_Login.Login" name="loginFunctionality" time="19.392"/>
</testsuite> <!-- Wishup.Wishup_Login.Login -->
