<?xml version="1.0" encoding="UTF-8"?>
<!-- Generated by org.testng.reporters.JUnitReportReporter -->
<testsuite hostname="SEZ-DESK-159" failures="0" tests="4" name="Wishup.Wishup_Login.Login" time="60.055" errors="0" timestamp="2022-04-05T23:00:17 IST" skipped="0">
  <testcase classname="Wishup.Wishup_Login.Login" name="loginFunctionality" time="21.193"/>
  <system-out/>
  <testcase classname="Wishup.Wishup_Login.Login" name="loginFunctionality" time="12.046"/>
  <system-out/>
  <testcase classname="Wishup.Wishup_Login.Login" name="loginFunctionality" time="13.848"/>
  <system-out/>
  <testcase classname="Wishup.Wishup_Login.Login" name="loginFunctionality" time="12.968"/>
  <system-out/>
</testsuite> <!-- Wishup.Wishup_Login.Login -->
