<?xml version="1.0" encoding="UTF-8"?>
<!-- Generated by org.testng.reporters.JUnitReportReporter -->
<testsuite hostname="SEZ-DESK-159" failures="0" tests="4" name="Wishup.Wishup_Login.Login" time="57.774" errors="0" timestamp="2022-04-06T13:24:35 IST" skipped="0">
  <testcase classname="Wishup.Wishup_Login.Login" name="loginFunctionality" time="18.114"/>
  <system-out/>
  <testcase classname="Wishup.Wishup_Login.Login" name="loginFunctionality" time="16.269"/>
  <system-out/>
  <testcase classname="Wishup.Wishup_Login.Login" name="loginFunctionality" time="12.771"/>
  <system-out/>
  <testcase classname="Wishup.Wishup_Login.Login" name="loginFunctionality" time="10.620"/>
  <system-out/>
</testsuite> <!-- Wishup.Wishup_Login.Login -->
